build/outputs/logs/manifest-merger-debug-report.txt
-- Merging decision tree log ---
manifest
ADDED from chat\ChatDemoUI3.0\AndroidManifest.xml:2:1-442:12
	xmlns:tools
		ADDED from chat\ChatDemoUI3.0\AndroidManifest.xml:3:11-57
	xmlns:android
		ADDED from chat\ChatDemoUI3.0\AndroidManifest.xml:2:11-69
	package
		ADDED from chat\ChatDemoUI3.0\AndroidManifest.xml:4:11-39
		INJECTED from chat\ChatDemoUI3.0\AndroidManifest.xml
		INJECTED from chat\ChatDemoUI3.0\AndroidManifest.xml
	android:versionName
		ADDED from chat\ChatDemoUI3.0\AndroidManifest.xml:5:11-38
		INJECTED from chat\ChatDemoUI3.0\AndroidManifest.xml
		INJECTED from chat\ChatDemoUI3.0\AndroidManifest.xml
	android:versionCode
		ADDED from chat\ChatDemoUI3.0\AndroidManifest.xml:6:11-35
		INJECTED from chat\ChatDemoUI3.0\AndroidManifest.xml
		INJECTED from chat\ChatDemoUI3.0\AndroidManifest.xml
uses-sdk
ADDED from chat\ChatDemoUI3.0\AndroidManifest.xml:9:5-13:11
MERGED from [com.android.support:multidex:1.0.1] AndroidManifest.xml:18:5-42
MERGED from [ChatDemoUI3.0:EaseUI:unspecified] AndroidManifest.xml:7:5-9:41
	android:targetSdkVersion
		ADDED from chat\ChatDemoUI3.0\AndroidManifest.xml:11:9-38
		INJECTED from chat\ChatDemoUI3.0\AndroidManifest.xml
		INJECTED from chat\ChatDemoUI3.0\AndroidManifest.xml
	android:minSdkVersion
		ADDED from chat\ChatDemoUI3.0\AndroidManifest.xml:10:9-35
		INJECTED from chat\ChatDemoUI3.0\AndroidManifest.xml
		INJECTED from chat\ChatDemoUI3.0\AndroidManifest.xml
	tools:overrideLibrary
		ADDED from chat\ChatDemoUI3.0\AndroidManifest.xml:12:9-56
uses-permission#android.permission.VIBRATE
ADDED from chat\ChatDemoUI3.0\AndroidManifest.xml:15:5-66
	android:name
		ADDED from chat\ChatDemoUI3.0\AndroidManifest.xml:15:22-63
uses-permission#android.permission.INTERNET
ADDED from chat\ChatDemoUI3.0\AndroidManifest.xml:16:5-67
	android:name
		ADDED from chat\ChatDemoUI3.0\AndroidManifest.xml:16:22-64
uses-permission#android.permission.RECORD_AUDIO
ADDED from chat\ChatDemoUI3.0\AndroidManifest.xml:17:5-71
	android:name
		ADDED from chat\ChatDemoUI3.0\AndroidManifest.xml:17:22-68
uses-permission#android.permission.CAMERA
ADDED from chat\ChatDemoUI3.0\AndroidManifest.xml:18:5-65
	android:name
		ADDED from chat\ChatDemoUI3.0\AndroidManifest.xml:18:22-62
uses-permission#android.permission.ACCESS_NETWORK_STATE
ADDED from chat\ChatDemoUI3.0\AndroidManifest.xml:19:5-79
	android:name
		ADDED from chat\ChatDemoUI3.0\AndroidManifest.xml:19:22-76
uses-permission#android.permission.WRITE_EXTERNAL_STORAGE
ADDED from chat\ChatDemoUI3.0\AndroidManifest.xml:20:5-81
	android:name
		ADDED from chat\ChatDemoUI3.0\AndroidManifest.xml:20:22-78
uses-permission#android.permission.MOUNT_UNMOUNT_FILESYSTEMS
ADDED from chat\ChatDemoUI3.0\AndroidManifest.xml:21:5-84
	android:name
		ADDED from chat\ChatDemoUI3.0\AndroidManifest.xml:21:22-81
uses-permission#android.permission.ACCESS_FINE_LOCATION
ADDED from chat\ChatDemoUI3.0\AndroidManifest.xml:22:5-79
	android:name
		ADDED from chat\ChatDemoUI3.0\AndroidManifest.xml:22:22-76
uses-permission#android.permission.GET_TASKS
ADDED from chat\ChatDemoUI3.0\AndroidManifest.xml:23:5-68
	android:name
		ADDED from chat\ChatDemoUI3.0\AndroidManifest.xml:23:22-65
uses-permission#android.permission.ACCESS_WIFI_STATE
ADDED from chat\ChatDemoUI3.0\AndroidManifest.xml:24:5-76
	android:name
		ADDED from chat\ChatDemoUI3.0\AndroidManifest.xml:24:22-73
uses-permission#android.permission.CHANGE_WIFI_STATE
ADDED from chat\ChatDemoUI3.0\AndroidManifest.xml:25:5-76
	android:name
		ADDED from chat\ChatDemoUI3.0\AndroidManifest.xml:25:22-73
uses-permission#android.permission.WAKE_LOCK
ADDED from chat\ChatDemoUI3.0\AndroidManifest.xml:26:5-68
	android:name
		ADDED from chat\ChatDemoUI3.0\AndroidManifest.xml:26:22-65
uses-permission#android.permission.MODIFY_AUDIO_SETTINGS
ADDED from chat\ChatDemoUI3.0\AndroidManifest.xml:27:5-80
	android:name
		ADDED from chat\ChatDemoUI3.0\AndroidManifest.xml:27:22-77
uses-permission#android.permission.READ_PHONE_STATE
ADDED from chat\ChatDemoUI3.0\AndroidManifest.xml:28:5-75
	android:name
		ADDED from chat\ChatDemoUI3.0\AndroidManifest.xml:28:22-72
uses-permission#android.permission.RECEIVE_BOOT_COMPLETED
ADDED from chat\ChatDemoUI3.0\AndroidManifest.xml:29:5-81
	android:name
		ADDED from chat\ChatDemoUI3.0\AndroidManifest.xml:29:22-78
uses-permission#android.permission.USE_CREDENTIALS
ADDED from chat\ChatDemoUI3.0\AndroidManifest.xml:30:5-74
	android:name
		ADDED from chat\ChatDemoUI3.0\AndroidManifest.xml:30:22-71
uses-permission#com.android.launcher.permission.READ_SETTINGS
ADDED from chat\ChatDemoUI3.0\AndroidManifest.xml:31:5-85
	android:name
		ADDED from chat\ChatDemoUI3.0\AndroidManifest.xml:31:22-82
uses-permission#android.permission.BROADCAST_STICKY
ADDED from chat\ChatDemoUI3.0\AndroidManifest.xml:32:5-75
	android:name
		ADDED from chat\ChatDemoUI3.0\AndroidManifest.xml:32:22-72
uses-permission#android.permission.WRITE_SETTINGS
ADDED from chat\ChatDemoUI3.0\AndroidManifest.xml:33:5-73
	android:name
		ADDED from chat\ChatDemoUI3.0\AndroidManifest.xml:33:22-70
uses-permission#android.permission.REQUEST_IGNORE_BATTERY_OPTIMIZATIONS
ADDED from chat\ChatDemoUI3.0\AndroidManifest.xml:34:5-95
	android:name
		ADDED from chat\ChatDemoUI3.0\AndroidManifest.xml:34:22-92
uses-permission#com.google.android.c2dm.permission.RECEIVE
ADDED from chat\ChatDemoUI3.0\AndroidManifest.xml:37:5-82
	android:name
		ADDED from chat\ChatDemoUI3.0\AndroidManifest.xml:37:22-79
permission#com.hyphenate.chatuidemo.permission.C2D_MESSAGE
ADDED from chat\ChatDemoUI3.0\AndroidManifest.xml:38:5-41:11
	android:protectionLevel
		ADDED from chat\ChatDemoUI3.0\AndroidManifest.xml:40:9-44
	android:name
		ADDED from chat\ChatDemoUI3.0\AndroidManifest.xml:39:9-71
uses-permission#com.hyphenate.chatuidemo.permission.C2D_MESSAGE
ADDED from chat\ChatDemoUI3.0\AndroidManifest.xml:42:5-87
	android:name
		ADDED from chat\ChatDemoUI3.0\AndroidManifest.xml:42:22-84
permission#com.hyphenate.chatuidemo.permission.MIPUSH_RECEIVE
ADDED from chat\ChatDemoUI3.0\AndroidManifest.xml:44:5-46:47
	android:protectionLevel
		ADDED from chat\ChatDemoUI3.0\AndroidManifest.xml:46:9-44
	android:name
		ADDED from chat\ChatDemoUI3.0\AndroidManifest.xml:45:9-74
uses-permission#com.hyphenate.chatuidemo.permission.MIPUSH_RECEIVE
ADDED from chat\ChatDemoUI3.0\AndroidManifest.xml:48:6-91
	android:name
		ADDED from chat\ChatDemoUI3.0\AndroidManifest.xml:48:23-88
application
ADDED from chat\ChatDemoUI3.0\AndroidManifest.xml:50:5-440:25
	android:label
		ADDED from chat\ChatDemoUI3.0\AndroidManifest.xml:54:9-41
	android:allowBackup
		ADDED from chat\ChatDemoUI3.0\AndroidManifest.xml:52:9-35
	android:icon
		ADDED from chat\ChatDemoUI3.0\AndroidManifest.xml:53:9-48
	android:name
		ADDED from chat\ChatDemoUI3.0\AndroidManifest.xml:51:9-64
activity#com.hyphenate.chatuidemo.ui.MainActivity
ADDED from chat\ChatDemoUI3.0\AndroidManifest.xml:55:9-61:20
	android:windowSoftInputMode
		ADDED from chat\ChatDemoUI3.0\AndroidManifest.xml:60:13-52
	android:screenOrientation
		ADDED from chat\ChatDemoUI3.0\AndroidManifest.xml:58:13-49
	android:theme
		ADDED from chat\ChatDemoUI3.0\AndroidManifest.xml:59:13-52
	android:name
		ADDED from chat\ChatDemoUI3.0\AndroidManifest.xml:56:13-68
	android:launchMode
		ADDED from chat\ChatDemoUI3.0\AndroidManifest.xml:57:13-44
activity#com.hyphenate.chatuidemo.ui.SplashActivity
ADDED from chat\ChatDemoUI3.0\AndroidManifest.xml:64:9-73:20
	android:screenOrientation
		ADDED from chat\ChatDemoUI3.0\AndroidManifest.xml:66:13-49
	android:theme
		ADDED from chat\ChatDemoUI3.0\AndroidManifest.xml:67:13-52
	android:name
		ADDED from chat\ChatDemoUI3.0\AndroidManifest.xml:65:13-70
intent-filter#android.intent.action.MAIN+android.intent.category.LAUNCHER
ADDED from chat\ChatDemoUI3.0\AndroidManifest.xml:68:13-72:29
action#android.intent.action.MAIN
ADDED from chat\ChatDemoUI3.0\AndroidManifest.xml:69:17-69
	android:name
		ADDED from chat\ChatDemoUI3.0\AndroidManifest.xml:69:25-66
category#android.intent.category.LAUNCHER
ADDED from chat\ChatDemoUI3.0\AndroidManifest.xml:71:17-77
	android:name
		ADDED from chat\ChatDemoUI3.0\AndroidManifest.xml:71:27-74
activity#com.hyphenate.chatuidemo.ui.LoginActivity
ADDED from chat\ChatDemoUI3.0\AndroidManifest.xml:76:9-81:20
	android:windowSoftInputMode
		ADDED from chat\ChatDemoUI3.0\AndroidManifest.xml:80:13-68
	android:screenOrientation
		ADDED from chat\ChatDemoUI3.0\AndroidManifest.xml:78:13-49
	android:theme
		ADDED from chat\ChatDemoUI3.0\AndroidManifest.xml:79:13-52
	android:name
		ADDED from chat\ChatDemoUI3.0\AndroidManifest.xml:77:13-69
activity#com.hyphenate.chatuidemo.ui.RegisterActivity
ADDED from chat\ChatDemoUI3.0\AndroidManifest.xml:84:9-89:20
	android:windowSoftInputMode
		ADDED from chat\ChatDemoUI3.0\AndroidManifest.xml:88:13-68
	android:screenOrientation
		ADDED from chat\ChatDemoUI3.0\AndroidManifest.xml:86:13-49
	android:theme
		ADDED from chat\ChatDemoUI3.0\AndroidManifest.xml:87:13-52
	android:name
		ADDED from chat\ChatDemoUI3.0\AndroidManifest.xml:85:13-72
activity#com.hyphenate.chatuidemo.ui.ChatActivity
ADDED from chat\ChatDemoUI3.0\AndroidManifest.xml:91:9-97:20
	android:windowSoftInputMode
		ADDED from chat\ChatDemoUI3.0\AndroidManifest.xml:96:13-55
	android:screenOrientation
		ADDED from chat\ChatDemoUI3.0\AndroidManifest.xml:94:13-49
	android:theme
		ADDED from chat\ChatDemoUI3.0\AndroidManifest.xml:95:13-52
	android:name
		ADDED from chat\ChatDemoUI3.0\AndroidManifest.xml:92:13-68
	android:launchMode
		ADDED from chat\ChatDemoUI3.0\AndroidManifest.xml:93:13-44
activity#com.hyphenate.chatuidemo.ui.AddContactActivity
ADDED from chat\ChatDemoUI3.0\AndroidManifest.xml:99:9-104:20
	android:windowSoftInputMode
		ADDED from chat\ChatDemoUI3.0\AndroidManifest.xml:102:13-55
	android:screenOrientation
		ADDED from chat\ChatDemoUI3.0\AndroidManifest.xml:101:13-49
	android:theme
		ADDED from chat\ChatDemoUI3.0\AndroidManifest.xml:103:13-52
	android:name
		ADDED from chat\ChatDemoUI3.0\AndroidManifest.xml:100:13-74
activity#com.hyphenate.chatuidemo.ui.GroupDetailsActivity
ADDED from chat\ChatDemoUI3.0\AndroidManifest.xml:106:9-110:20
	android:screenOrientation
		ADDED from chat\ChatDemoUI3.0\AndroidManifest.xml:108:13-49
	android:theme
		ADDED from chat\ChatDemoUI3.0\AndroidManifest.xml:109:13-52
	android:name
		ADDED from chat\ChatDemoUI3.0\AndroidManifest.xml:107:13-76
activity#com.hyphenate.chatuidemo.ui.GroupsActivity
ADDED from chat\ChatDemoUI3.0\AndroidManifest.xml:112:9-117:20
	android:windowSoftInputMode
		ADDED from chat\ChatDemoUI3.0\AndroidManifest.xml:116:13-52
	android:screenOrientation
		ADDED from chat\ChatDemoUI3.0\AndroidManifest.xml:114:13-49
	android:theme
		ADDED from chat\ChatDemoUI3.0\AndroidManifest.xml:115:13-52
	android:name
		ADDED from chat\ChatDemoUI3.0\AndroidManifest.xml:113:13-70
activity#com.hyphenate.chatuidemo.ui.ChatRoomDetailsActivity
ADDED from chat\ChatDemoUI3.0\AndroidManifest.xml:120:9-124:20
	android:screenOrientation
		ADDED from chat\ChatDemoUI3.0\AndroidManifest.xml:122:13-49
	android:theme
		ADDED from chat\ChatDemoUI3.0\AndroidManifest.xml:123:13-52
	android:name
		ADDED from chat\ChatDemoUI3.0\AndroidManifest.xml:121:13-79
activity#com.hyphenate.chatuidemo.ui.NewGroupActivity
ADDED from chat\ChatDemoUI3.0\AndroidManifest.xml:127:9-132:20
	android:windowSoftInputMode
		ADDED from chat\ChatDemoUI3.0\AndroidManifest.xml:131:13-52
	android:screenOrientation
		ADDED from chat\ChatDemoUI3.0\AndroidManifest.xml:129:13-49
	android:theme
		ADDED from chat\ChatDemoUI3.0\AndroidManifest.xml:130:13-52
	android:name
		ADDED from chat\ChatDemoUI3.0\AndroidManifest.xml:128:13-72
activity#com.hyphenate.chatuidemo.ui.ExitGroupDialog
ADDED from chat\ChatDemoUI3.0\AndroidManifest.xml:134:9-138:20
	android:screenOrientation
		ADDED from chat\ChatDemoUI3.0\AndroidManifest.xml:136:13-49
	android:theme
		ADDED from chat\ChatDemoUI3.0\AndroidManifest.xml:137:13-55
	android:name
		ADDED from chat\ChatDemoUI3.0\AndroidManifest.xml:135:13-71
activity#com.hyphenate.chatuidemo.ui.GroupPickContactsActivity
ADDED from chat\ChatDemoUI3.0\AndroidManifest.xml:140:9-145:20
	android:windowSoftInputMode
		ADDED from chat\ChatDemoUI3.0\AndroidManifest.xml:144:13-52
	android:screenOrientation
		ADDED from chat\ChatDemoUI3.0\AndroidManifest.xml:142:13-49
	android:theme
		ADDED from chat\ChatDemoUI3.0\AndroidManifest.xml:143:13-52
	android:name
		ADDED from chat\ChatDemoUI3.0\AndroidManifest.xml:141:13-81
activity#com.hyphenate.chatuidemo.ui.PickAtUserActivity
ADDED from chat\ChatDemoUI3.0\AndroidManifest.xml:147:9-150:25
	android:screenOrientation
		ADDED from chat\ChatDemoUI3.0\AndroidManifest.xml:148:13-49
	android:theme
		ADDED from chat\ChatDemoUI3.0\AndroidManifest.xml:149:13-52
	android:name
		ADDED from chat\ChatDemoUI3.0\AndroidManifest.xml:147:19-80
activity#com.hyphenate.easeui.ui.EaseBaiduMapActivity
ADDED from chat\ChatDemoUI3.0\AndroidManifest.xml:152:9-156:20
	android:screenOrientation
		ADDED from chat\ChatDemoUI3.0\AndroidManifest.xml:154:13-49
	android:theme
		ADDED from chat\ChatDemoUI3.0\AndroidManifest.xml:155:13-52
	android:name
		ADDED from chat\ChatDemoUI3.0\AndroidManifest.xml:153:13-72
activity#com.hyphenate.chatuidemo.ui.NewFriendsMsgActivity
ADDED from chat\ChatDemoUI3.0\AndroidManifest.xml:159:9-163:20
	android:screenOrientation
		ADDED from chat\ChatDemoUI3.0\AndroidManifest.xml:161:13-49
	android:theme
		ADDED from chat\ChatDemoUI3.0\AndroidManifest.xml:162:13-52
	android:name
		ADDED from chat\ChatDemoUI3.0\AndroidManifest.xml:160:13-77
activity#com.hyphenate.chatuidemo.ui.ForwardMessageActivity
ADDED from chat\ChatDemoUI3.0\AndroidManifest.xml:165:9-170:20
	android:windowSoftInputMode
		ADDED from chat\ChatDemoUI3.0\AndroidManifest.xml:169:13-52
	android:screenOrientation
		ADDED from chat\ChatDemoUI3.0\AndroidManifest.xml:167:13-49
	android:theme
		ADDED from chat\ChatDemoUI3.0\AndroidManifest.xml:168:13-52
	android:name
		ADDED from chat\ChatDemoUI3.0\AndroidManifest.xml:166:13-78
activity#com.hyphenate.chatuidemo.ui.ContextMenuActivity
ADDED from chat\ChatDemoUI3.0\AndroidManifest.xml:172:9-176:20
	android:screenOrientation
		ADDED from chat\ChatDemoUI3.0\AndroidManifest.xml:174:13-49
	android:theme
		ADDED from chat\ChatDemoUI3.0\AndroidManifest.xml:175:13-49
	android:name
		ADDED from chat\ChatDemoUI3.0\AndroidManifest.xml:173:13-75
activity#com.hyphenate.easeui.ui.EaseShowBigImageActivity
ADDED from chat\ChatDemoUI3.0\AndroidManifest.xml:178:9-182:20
	android:screenOrientation
		ADDED from chat\ChatDemoUI3.0\AndroidManifest.xml:180:13-49
	android:theme
		ADDED from chat\ChatDemoUI3.0\AndroidManifest.xml:181:13-52
	android:name
		ADDED from chat\ChatDemoUI3.0\AndroidManifest.xml:179:13-76
activity#com.hyphenate.easeui.ui.EaseShowNormalFileActivity
ADDED from chat\ChatDemoUI3.0\AndroidManifest.xml:184:9-188:20
	android:screenOrientation
		ADDED from chat\ChatDemoUI3.0\AndroidManifest.xml:186:13-49
	android:theme
		ADDED from chat\ChatDemoUI3.0\AndroidManifest.xml:187:13-52
	android:name
		ADDED from chat\ChatDemoUI3.0\AndroidManifest.xml:185:13-78
activity#com.hyphenate.chatuidemo.ui.BlacklistActivity
ADDED from chat\ChatDemoUI3.0\AndroidManifest.xml:190:9-194:20
	android:screenOrientation
		ADDED from chat\ChatDemoUI3.0\AndroidManifest.xml:192:13-49
	android:theme
		ADDED from chat\ChatDemoUI3.0\AndroidManifest.xml:193:13-52
	android:name
		ADDED from chat\ChatDemoUI3.0\AndroidManifest.xml:191:13-73
activity#com.hyphenate.chatuidemo.ui.PublicGroupsActivity
ADDED from chat\ChatDemoUI3.0\AndroidManifest.xml:197:9-202:20
	android:windowSoftInputMode
		ADDED from chat\ChatDemoUI3.0\AndroidManifest.xml:201:13-52
	android:screenOrientation
		ADDED from chat\ChatDemoUI3.0\AndroidManifest.xml:199:13-49
	android:theme
		ADDED from chat\ChatDemoUI3.0\AndroidManifest.xml:200:13-52
	android:name
		ADDED from chat\ChatDemoUI3.0\AndroidManifest.xml:198:13-76
activity#com.hyphenate.chatuidemo.ui.PublicChatRoomsActivity
ADDED from chat\ChatDemoUI3.0\AndroidManifest.xml:204:9-209:20
	android:windowSoftInputMode
		ADDED from chat\ChatDemoUI3.0\AndroidManifest.xml:208:13-52
	android:screenOrientation
		ADDED from chat\ChatDemoUI3.0\AndroidManifest.xml:206:13-49
	android:theme
		ADDED from chat\ChatDemoUI3.0\AndroidManifest.xml:207:13-52
	android:name
		ADDED from chat\ChatDemoUI3.0\AndroidManifest.xml:205:13-79
activity#com.hyphenate.chatuidemo.ui.VoiceCallActivity
ADDED from chat\ChatDemoUI3.0\AndroidManifest.xml:212:9-217:20
	android:screenOrientation
		ADDED from chat\ChatDemoUI3.0\AndroidManifest.xml:214:13-49
	android:theme
		ADDED from chat\ChatDemoUI3.0\AndroidManifest.xml:216:13-48
	android:name
		ADDED from chat\ChatDemoUI3.0\AndroidManifest.xml:213:13-73
	android:launchMode
		ADDED from chat\ChatDemoUI3.0\AndroidManifest.xml:215:13-44
activity#com.hyphenate.chatuidemo.ui.VideoCallActivity
ADDED from chat\ChatDemoUI3.0\AndroidManifest.xml:219:9-225:20
	android:screenOrientation
		ADDED from chat\ChatDemoUI3.0\AndroidManifest.xml:222:13-49
	android:configChanges
		ADDED from chat\ChatDemoUI3.0\AndroidManifest.xml:221:13-74
	android:theme
		ADDED from chat\ChatDemoUI3.0\AndroidManifest.xml:224:13-52
	android:name
		ADDED from chat\ChatDemoUI3.0\AndroidManifest.xml:220:13-73
	android:launchMode
		ADDED from chat\ChatDemoUI3.0\AndroidManifest.xml:223:13-44
activity#com.hyphenate.chatuidemo.ui.GroupSimpleDetailActivity
ADDED from chat\ChatDemoUI3.0\AndroidManifest.xml:227:9-231:20
	android:screenOrientation
		ADDED from chat\ChatDemoUI3.0\AndroidManifest.xml:229:13-49
	android:theme
		ADDED from chat\ChatDemoUI3.0\AndroidManifest.xml:230:13-52
	android:name
		ADDED from chat\ChatDemoUI3.0\AndroidManifest.xml:228:13-81
activity#com.hyphenate.chatuidemo.ui.GroupBlacklistActivity
ADDED from chat\ChatDemoUI3.0\AndroidManifest.xml:233:9-237:20
	android:screenOrientation
		ADDED from chat\ChatDemoUI3.0\AndroidManifest.xml:235:13-49
	android:theme
		ADDED from chat\ChatDemoUI3.0\AndroidManifest.xml:236:13-52
	android:name
		ADDED from chat\ChatDemoUI3.0\AndroidManifest.xml:234:13-78
activity#com.hyphenate.chatuidemo.ui.GroupSearchMessageActivity
ADDED from chat\ChatDemoUI3.0\AndroidManifest.xml:238:9-243:25
	android:windowSoftInputMode
		ADDED from chat\ChatDemoUI3.0\AndroidManifest.xml:242:13-55
	android:screenOrientation
		ADDED from chat\ChatDemoUI3.0\AndroidManifest.xml:240:13-49
	android:theme
		ADDED from chat\ChatDemoUI3.0\AndroidManifest.xml:241:13-52
	android:name
		ADDED from chat\ChatDemoUI3.0\AndroidManifest.xml:239:13-82
activity#com.hyphenate.chatuidemo.ui.PublicGroupsSeachActivity
ADDED from chat\ChatDemoUI3.0\AndroidManifest.xml:245:9-249:20
	android:screenOrientation
		ADDED from chat\ChatDemoUI3.0\AndroidManifest.xml:247:13-49
	android:theme
		ADDED from chat\ChatDemoUI3.0\AndroidManifest.xml:248:13-52
	android:name
		ADDED from chat\ChatDemoUI3.0\AndroidManifest.xml:246:13-81
activity#com.hyphenate.chatuidemo.ui.EditActivity
ADDED from chat\ChatDemoUI3.0\AndroidManifest.xml:250:9-255:20
	android:windowSoftInputMode
		ADDED from chat\ChatDemoUI3.0\AndroidManifest.xml:254:13-55
	android:screenOrientation
		ADDED from chat\ChatDemoUI3.0\AndroidManifest.xml:252:13-49
	android:theme
		ADDED from chat\ChatDemoUI3.0\AndroidManifest.xml:253:13-52
	android:name
		ADDED from chat\ChatDemoUI3.0\AndroidManifest.xml:251:13-68
activity#com.hyphenate.easeui.ui.EaseShowVideoActivity
ADDED from chat\ChatDemoUI3.0\AndroidManifest.xml:256:9-261:20
	android:windowSoftInputMode
		ADDED from chat\ChatDemoUI3.0\AndroidManifest.xml:260:13-60
	android:screenOrientation
		ADDED from chat\ChatDemoUI3.0\AndroidManifest.xml:258:13-49
	android:theme
		ADDED from chat\ChatDemoUI3.0\AndroidManifest.xml:259:13-52
	android:name
		ADDED from chat\ChatDemoUI3.0\AndroidManifest.xml:257:13-73
activity#com.hyphenate.chatuidemo.ui.ImageGridActivity
ADDED from chat\ChatDemoUI3.0\AndroidManifest.xml:263:9-268:20
	android:windowSoftInputMode
		ADDED from chat\ChatDemoUI3.0\AndroidManifest.xml:267:13-60
	android:screenOrientation
		ADDED from chat\ChatDemoUI3.0\AndroidManifest.xml:265:13-49
	android:theme
		ADDED from chat\ChatDemoUI3.0\AndroidManifest.xml:266:13-52
	android:name
		ADDED from chat\ChatDemoUI3.0\AndroidManifest.xml:264:13-73
activity#com.hyphenate.chatuidemo.ui.RecorderVideoActivity
ADDED from chat\ChatDemoUI3.0\AndroidManifest.xml:269:9-274:20
	android:windowSoftInputMode
		ADDED from chat\ChatDemoUI3.0\AndroidManifest.xml:273:13-60
	android:screenOrientation
		ADDED from chat\ChatDemoUI3.0\AndroidManifest.xml:271:13-49
	android:theme
		ADDED from chat\ChatDemoUI3.0\AndroidManifest.xml:272:13-52
	android:name
		ADDED from chat\ChatDemoUI3.0\AndroidManifest.xml:270:13-77
activity#com.hyphenate.chatuidemo.ui.DiagnoseActivity
ADDED from chat\ChatDemoUI3.0\AndroidManifest.xml:276:9-281:20
	android:windowSoftInputMode
		ADDED from chat\ChatDemoUI3.0\AndroidManifest.xml:280:13-60
	android:screenOrientation
		ADDED from chat\ChatDemoUI3.0\AndroidManifest.xml:278:13-49
	android:theme
		ADDED from chat\ChatDemoUI3.0\AndroidManifest.xml:279:13-52
	android:name
		ADDED from chat\ChatDemoUI3.0\AndroidManifest.xml:277:13-72
activity#com.hyphenate.chatuidemo.ui.OfflinePushNickActivity
ADDED from chat\ChatDemoUI3.0\AndroidManifest.xml:284:9-289:20
	android:windowSoftInputMode
		ADDED from chat\ChatDemoUI3.0\AndroidManifest.xml:288:13-60
	android:screenOrientation
		ADDED from chat\ChatDemoUI3.0\AndroidManifest.xml:286:13-49
	android:theme
		ADDED from chat\ChatDemoUI3.0\AndroidManifest.xml:287:13-52
	android:name
		ADDED from chat\ChatDemoUI3.0\AndroidManifest.xml:285:13-79
activity#com.hyphenate.chatuidemo.ui.RobotsActivity
ADDED from chat\ChatDemoUI3.0\AndroidManifest.xml:291:9-296:25
	android:windowSoftInputMode
		ADDED from chat\ChatDemoUI3.0\AndroidManifest.xml:295:13-60
	android:screenOrientation
		ADDED from chat\ChatDemoUI3.0\AndroidManifest.xml:293:13-49
	android:theme
		ADDED from chat\ChatDemoUI3.0\AndroidManifest.xml:294:13-52
	android:name
		ADDED from chat\ChatDemoUI3.0\AndroidManifest.xml:292:13-70
activity#com.hyphenate.chatuidemo.ui.UserProfileActivity
ADDED from chat\ChatDemoUI3.0\AndroidManifest.xml:298:3-302:19
	android:screenOrientation
		ADDED from chat\ChatDemoUI3.0\AndroidManifest.xml:300:7-43
	android:theme
		ADDED from chat\ChatDemoUI3.0\AndroidManifest.xml:301:7-46
	android:name
		ADDED from chat\ChatDemoUI3.0\AndroidManifest.xml:299:7-69
receiver#com.hyphenate.chatuidemo.receiver.StartServiceReceiver
ADDED from chat\ChatDemoUI3.0\AndroidManifest.xml:305:9-312:20
	android:name
		ADDED from chat\ChatDemoUI3.0\AndroidManifest.xml:305:19-88
intent-filter#android.intent.action.BOOT_COMPLETED+android.intent.action.QUICKBOOT_POWERON+android.intent.category.LAUNCHER
ADDED from chat\ChatDemoUI3.0\AndroidManifest.xml:306:13-311:29
	android:priority
		ADDED from chat\ChatDemoUI3.0\AndroidManifest.xml:306:28-51
action#android.intent.action.BOOT_COMPLETED
ADDED from chat\ChatDemoUI3.0\AndroidManifest.xml:307:17-79
	android:name
		ADDED from chat\ChatDemoUI3.0\AndroidManifest.xml:307:25-76
action#android.intent.action.QUICKBOOT_POWERON
ADDED from chat\ChatDemoUI3.0\AndroidManifest.xml:308:17-82
	android:name
		ADDED from chat\ChatDemoUI3.0\AndroidManifest.xml:308:25-79
receiver#com.hyphenate.chat.EMGCMBroadcastReceiver
ADDED from chat\ChatDemoUI3.0\AndroidManifest.xml:315:9-323:20
	android:exported
		ADDED from chat\ChatDemoUI3.0\AndroidManifest.xml:317:13-36
	android:permission
		ADDED from chat\ChatDemoUI3.0\AndroidManifest.xml:318:13-73
	android:name
		ADDED from chat\ChatDemoUI3.0\AndroidManifest.xml:316:13-69
intent-filter#com.google.android.c2dm.intent.RECEIVE+com.hyphenate.chatuidemo
ADDED from chat\ChatDemoUI3.0\AndroidManifest.xml:319:13-322:29
action#com.google.android.c2dm.intent.RECEIVE
ADDED from chat\ChatDemoUI3.0\AndroidManifest.xml:320:17-81
	android:name
		ADDED from chat\ChatDemoUI3.0\AndroidManifest.xml:320:25-78
category#com.hyphenate.chatuidemo
ADDED from chat\ChatDemoUI3.0\AndroidManifest.xml:321:17-69
	android:name
		ADDED from chat\ChatDemoUI3.0\AndroidManifest.xml:321:27-66
service#com.hyphenate.chat.EMGCMListenerService
ADDED from chat\ChatDemoUI3.0\AndroidManifest.xml:325:9-327:19
	android:exported
		ADDED from chat\ChatDemoUI3.0\AndroidManifest.xml:326:13-37
	android:name
		ADDED from chat\ChatDemoUI3.0\AndroidManifest.xml:325:18-72
receiver#com.hyphenate.chatuidemo.receiver.GCMPushBroadCast
ADDED from chat\ChatDemoUI3.0\AndroidManifest.xml:329:9-336:20
	android:exported
		ADDED from chat\ChatDemoUI3.0\AndroidManifest.xml:331:13-37
	android:name
		ADDED from chat\ChatDemoUI3.0\AndroidManifest.xml:330:13-78
intent-filter#com.hyphenate.chatuidemo+com.hyphenate.sdk.push
ADDED from chat\ChatDemoUI3.0\AndroidManifest.xml:332:13-335:29
action#com.hyphenate.sdk.push
ADDED from chat\ChatDemoUI3.0\AndroidManifest.xml:333:17-64
	android:name
		ADDED from chat\ChatDemoUI3.0\AndroidManifest.xml:333:25-62
service#com.xiaomi.mipush.sdk.PushMessageHandler
ADDED from chat\ChatDemoUI3.0\AndroidManifest.xml:340:9-343:39
	android:exported
		ADDED from chat\ChatDemoUI3.0\AndroidManifest.xml:343:13-36
	android:enabled
		ADDED from chat\ChatDemoUI3.0\AndroidManifest.xml:342:13-35
	android:name
		ADDED from chat\ChatDemoUI3.0\AndroidManifest.xml:341:13-68
service#com.xiaomi.mipush.sdk.MessageHandleService
ADDED from chat\ChatDemoUI3.0\AndroidManifest.xml:344:9-346:38
	android:enabled
		ADDED from chat\ChatDemoUI3.0\AndroidManifest.xml:346:13-35
	android:name
		ADDED from chat\ChatDemoUI3.0\AndroidManifest.xml:345:13-70
receiver#com.hyphenate.chat.EMMipushReceiver
ADDED from chat\ChatDemoUI3.0\AndroidManifest.xml:348:9-360:20
	android:exported
		ADDED from chat\ChatDemoUI3.0\AndroidManifest.xml:350:13-36
	android:name
		ADDED from chat\ChatDemoUI3.0\AndroidManifest.xml:349:13-63
intent-filter#com.xiaomi.mipush.RECEIVE_MESSAGE
ADDED from chat\ChatDemoUI3.0\AndroidManifest.xml:351:13-353:29
action#com.xiaomi.mipush.RECEIVE_MESSAGE
ADDED from chat\ChatDemoUI3.0\AndroidManifest.xml:352:17-76
	android:name
		ADDED from chat\ChatDemoUI3.0\AndroidManifest.xml:352:25-73
intent-filter#com.xiaomi.mipush.MESSAGE_ARRIVED
ADDED from chat\ChatDemoUI3.0\AndroidManifest.xml:354:13-356:29
action#com.xiaomi.mipush.MESSAGE_ARRIVED
ADDED from chat\ChatDemoUI3.0\AndroidManifest.xml:355:17-76
	android:name
		ADDED from chat\ChatDemoUI3.0\AndroidManifest.xml:355:25-73
intent-filter#com.xiaomi.mipush.ERROR
ADDED from chat\ChatDemoUI3.0\AndroidManifest.xml:357:13-359:29
action#com.xiaomi.mipush.ERROR
ADDED from chat\ChatDemoUI3.0\AndroidManifest.xml:358:17-66
	android:name
		ADDED from chat\ChatDemoUI3.0\AndroidManifest.xml:358:25-63
receiver#com.hyphenate.chat.EMHuaweiPushReceiver
ADDED from chat\ChatDemoUI3.0\AndroidManifest.xml:364:9-373:20
	android:name
		ADDED from chat\ChatDemoUI3.0\AndroidManifest.xml:364:19-73
intent-filter#com.huawei.android.push.intent.RECEIVE+com.huawei.android.push.intent.REGISTRATION
ADDED from chat\ChatDemoUI3.0\AndroidManifest.xml:365:13-370:29
action#com.huawei.android.push.intent.REGISTRATION
ADDED from chat\ChatDemoUI3.0\AndroidManifest.xml:367:17-86
	android:name
		ADDED from chat\ChatDemoUI3.0\AndroidManifest.xml:367:25-83
action#com.huawei.android.push.intent.RECEIVE
ADDED from chat\ChatDemoUI3.0\AndroidManifest.xml:369:17-81
	android:name
		ADDED from chat\ChatDemoUI3.0\AndroidManifest.xml:369:25-78
meta-data#CS_cloud_ablitity
ADDED from chat\ChatDemoUI3.0\AndroidManifest.xml:372:13-95
	android:name
		ADDED from chat\ChatDemoUI3.0\AndroidManifest.xml:372:24-56
	android:value
		ADDED from chat\ChatDemoUI3.0\AndroidManifest.xml:372:57-93
receiver#com.huawei.android.pushagent.PushEventReceiver
ADDED from chat\ChatDemoUI3.0\AndroidManifest.xml:376:9-385:20
	android:process
		ADDED from chat\ChatDemoUI3.0\AndroidManifest.xml:378:13-43
	android:name
		ADDED from chat\ChatDemoUI3.0\AndroidManifest.xml:377:13-74
intent-filter#com.huawei.android.push.PLUGIN+com.huawei.android.push.intent.REFRESH_PUSH_CHANNEL+com.huawei.intent.action.PUSH+com.huawei.intent.action.PUSH_ON
ADDED from chat\ChatDemoUI3.0\AndroidManifest.xml:379:13-384:29
action#com.huawei.android.push.intent.REFRESH_PUSH_CHANNEL
ADDED from chat\ChatDemoUI3.0\AndroidManifest.xml:380:17-94
	android:name
		ADDED from chat\ChatDemoUI3.0\AndroidManifest.xml:380:25-91
action#com.huawei.intent.action.PUSH
ADDED from chat\ChatDemoUI3.0\AndroidManifest.xml:381:17-72
	android:name
		ADDED from chat\ChatDemoUI3.0\AndroidManifest.xml:381:25-69
action#com.huawei.intent.action.PUSH_ON
ADDED from chat\ChatDemoUI3.0\AndroidManifest.xml:382:17-75
	android:name
		ADDED from chat\ChatDemoUI3.0\AndroidManifest.xml:382:25-72
action#com.huawei.android.push.PLUGIN
ADDED from chat\ChatDemoUI3.0\AndroidManifest.xml:383:17-73
	android:name
		ADDED from chat\ChatDemoUI3.0\AndroidManifest.xml:383:25-70
service#com.huawei.android.pushagent.PushService
ADDED from chat\ChatDemoUI3.0\AndroidManifest.xml:388:9-391:19
	android:process
		ADDED from chat\ChatDemoUI3.0\AndroidManifest.xml:390:13-43
	android:name
		ADDED from chat\ChatDemoUI3.0\AndroidManifest.xml:389:13-68
service#com.umeng.update.net.DownloadingService
ADDED from chat\ChatDemoUI3.0\AndroidManifest.xml:395:9-398:13
	android:process
		ADDED from chat\ChatDemoUI3.0\AndroidManifest.xml:397:8-45
	android:name
		ADDED from chat\ChatDemoUI3.0\AndroidManifest.xml:396:8-62
activity#com.umeng.update.UpdateDialogActivity
ADDED from chat\ChatDemoUI3.0\AndroidManifest.xml:399:3-402:14
	android:theme
		ADDED from chat\ChatDemoUI3.0\AndroidManifest.xml:401:7-66
	android:name
		ADDED from chat\ChatDemoUI3.0\AndroidManifest.xml:400:7-59
meta-data#EASEMOB_APPKEY
ADDED from chat\ChatDemoUI3.0\AndroidManifest.xml:405:9-407:46
	android:name
		ADDED from chat\ChatDemoUI3.0\AndroidManifest.xml:406:13-42
	android:value
		ADDED from chat\ChatDemoUI3.0\AndroidManifest.xml:407:13-43
service#com.hyphenate.chat.EMChatService
ADDED from chat\ChatDemoUI3.0\AndroidManifest.xml:409:9-411:15
	android:exported
		ADDED from chat\ChatDemoUI3.0\AndroidManifest.xml:410:13-36